{
  "RSpec": {
    "coverage": {
      "/Users/Nat/Projects/tech_tests/bank_tech_test/spec/make_deposit_spec.rb": [
        null,
        null,
        1,
        null,
        1,
        1,
        1,
        1,
        1,
        null,
        null,
        1,
        1,
        1,
        1,
        null,
        null,
        1,
        1,
        1,
        null,
        null
      ],
      "/Users/Nat/Projects/tech_tests/bank_tech_test/lib/account.rb": [
        null,
        null,
        1,
        1,
        null,
        1,
        4,
        4,
        null,
        null,
        1,
        4,
        null,
        3,
        3,
        null,
        null,
        1,
        1,
        null,
        null,
        null
      ],
      "/Users/Nat/Projects/tech_tests/bank_tech_test/spec/make_withdrawal_spec.rb": [
        1,
        null,
        1,
        1,
        1,
        1,
        1,
        1,
        null,
        null
      ]
    },
    "timestamp": 1574157916
  }
}
